mode: set
github.com/turtacn/QuantaID/cmd/qid/main.go:19.16,20.42 1 0
github.com/turtacn/QuantaID/cmd/qid/main.go:20.42,23.3 2 0
github.com/turtacn/QuantaID/cmd/qid/main.go:26.13,29.2 2 0
github.com/turtacn/QuantaID/cmd/qid/main.go:31.13,33.2 1 0
github.com/turtacn/QuantaID/cmd/qid/commands/config.go:10.36,20.2 3 0
github.com/turtacn/QuantaID/cmd/qid/commands/config.go:22.44,27.55 1 0
github.com/turtacn/QuantaID/cmd/qid/commands/config.go:27.55,36.18 4 0
github.com/turtacn/QuantaID/cmd/qid/commands/config.go:36.18,38.5 1 0
github.com/turtacn/QuantaID/cmd/qid/commands/config.go:40.4,41.14 2 0
github.com/turtacn/QuantaID/cmd/qid/commands/config.go:45.2,47.12 2 0
github.com/turtacn/QuantaID/cmd/qid/commands/server.go:11.36,21.2 3 0
github.com/turtacn/QuantaID/cmd/qid/commands/server.go:23.41,28.55 1 0
github.com/turtacn/QuantaID/cmd/qid/commands/server.go:28.55,30.18 2 0
github.com/turtacn/QuantaID/cmd/qid/commands/server.go:30.18,32.5 1 0
github.com/turtacn/QuantaID/cmd/qid/commands/server.go:34.4,40.44 5 0
github.com/turtacn/QuantaID/cmd/qid/commands/server.go:40.44,42.5 1 0
github.com/turtacn/QuantaID/cmd/qid/commands/server.go:44.4,47.43 3 0
github.com/turtacn/QuantaID/cmd/qid/commands/server.go:47.43,48.49 1 0
github.com/turtacn/QuantaID/cmd/qid/commands/server.go:48.49,50.6 1 0
github.com/turtacn/QuantaID/cmd/qid/commands/server.go:51.5,51.64 1 0
github.com/turtacn/QuantaID/cmd/qid/commands/server.go:54.4,55.14 2 0
github.com/turtacn/QuantaID/cmd/qid/commands/server.go:58.2,58.12 1 0
github.com/turtacn/QuantaID/internal/domain/auth/service.go:37.12,46.2 1 0
github.com/turtacn/QuantaID/internal/domain/auth/service.go:49.136,51.16 2 0
github.com/turtacn/QuantaID/internal/domain/auth/service.go:51.16,53.3 1 0
github.com/turtacn/QuantaID/internal/domain/auth/service.go:55.2,55.43 1 0
github.com/turtacn/QuantaID/internal/domain/auth/service.go:55.43,58.3 2 0
github.com/turtacn/QuantaID/internal/domain/auth/service.go:60.2,60.58 1 0
github.com/turtacn/QuantaID/internal/domain/auth/service.go:60.58,63.3 2 0
github.com/turtacn/QuantaID/internal/domain/auth/service.go:65.2,65.59 1 0
github.com/turtacn/QuantaID/internal/domain/auth/service.go:68.132,70.16 2 0
github.com/turtacn/QuantaID/internal/domain/auth/service.go:70.16,73.3 2 0
github.com/turtacn/QuantaID/internal/domain/auth/service.go:75.2,76.118 2 0
github.com/turtacn/QuantaID/internal/domain/auth/service.go:76.118,79.3 2 0
github.com/turtacn/QuantaID/internal/domain/auth/service.go:81.2,87.97 2 0
github.com/turtacn/QuantaID/internal/domain/auth/service.go:87.97,90.3 2 0
github.com/turtacn/QuantaID/internal/domain/auth/service.go:92.2,103.8 2 0
github.com/turtacn/QuantaID/internal/domain/auth/service.go:106.84,107.68 1 0
github.com/turtacn/QuantaID/internal/domain/auth/service.go:107.68,109.3 1 0
github.com/turtacn/QuantaID/internal/domain/auth/service.go:111.2,112.16 2 0
github.com/turtacn/QuantaID/internal/domain/auth/service.go:112.16,114.3 1 0
github.com/turtacn/QuantaID/internal/domain/auth/service.go:115.2,118.65 4 0
github.com/turtacn/QuantaID/internal/domain/auth/service.go:118.65,121.3 2 0
github.com/turtacn/QuantaID/internal/domain/auth/service.go:123.2,123.12 1 0
github.com/turtacn/QuantaID/internal/domain/auth/service.go:126.78,127.12 1 0
github.com/turtacn/QuantaID/internal/domain/auth/service.go:127.12,129.3 1 0
github.com/turtacn/QuantaID/internal/domain/auth/service.go:132.86,133.12 1 0
github.com/turtacn/QuantaID/internal/domain/auth/service.go:133.12,135.3 1 0
github.com/turtacn/QuantaID/cmd/qid-server/main.go:22.13,29.16 3 0
github.com/turtacn/QuantaID/cmd/qid-server/main.go:29.16,32.3 2 0
github.com/turtacn/QuantaID/cmd/qid-server/main.go:34.2,79.65 24 0
github.com/turtacn/QuantaID/internal/domain/identity/service.go:19.128,26.2 1 1
github.com/turtacn/QuantaID/internal/domain/identity/service.go:28.106,29.53 1 1
github.com/turtacn/QuantaID/internal/domain/identity/service.go:29.53,31.3 1 0
github.com/turtacn/QuantaID/internal/domain/identity/service.go:33.2,33.81 1 1
github.com/turtacn/QuantaID/internal/domain/identity/service.go:33.81,35.3 1 1
github.com/turtacn/QuantaID/internal/domain/identity/service.go:36.2,36.75 1 1
github.com/turtacn/QuantaID/internal/domain/identity/service.go:36.75,38.3 1 0
github.com/turtacn/QuantaID/internal/domain/identity/service.go:40.2,41.16 2 1
github.com/turtacn/QuantaID/internal/domain/identity/service.go:41.16,44.3 2 0
github.com/turtacn/QuantaID/internal/domain/identity/service.go:46.2,54.57 2 1
github.com/turtacn/QuantaID/internal/domain/identity/service.go:54.57,57.3 2 0
github.com/turtacn/QuantaID/internal/domain/identity/service.go:59.2,60.18 2 1
github.com/turtacn/QuantaID/internal/domain/identity/service.go:63.84,65.16 2 0
github.com/turtacn/QuantaID/internal/domain/identity/service.go:65.16,67.3 1 0
github.com/turtacn/QuantaID/internal/domain/identity/service.go:68.2,68.18 1 0
github.com/turtacn/QuantaID/internal/domain/identity/service.go:71.96,73.16 2 0
github.com/turtacn/QuantaID/internal/domain/identity/service.go:73.16,75.3 1 0
github.com/turtacn/QuantaID/internal/domain/identity/service.go:76.2,76.18 1 0
github.com/turtacn/QuantaID/internal/domain/identity/service.go:79.97,81.16 2 0
github.com/turtacn/QuantaID/internal/domain/identity/service.go:81.16,84.3 2 0
github.com/turtacn/QuantaID/internal/domain/identity/service.go:85.2,85.20 1 0
github.com/turtacn/QuantaID/internal/domain/identity/service.go:88.85,90.16 2 1
github.com/turtacn/QuantaID/internal/domain/identity/service.go:90.16,92.3 1 0
github.com/turtacn/QuantaID/internal/domain/identity/service.go:93.2,94.16 2 1
github.com/turtacn/QuantaID/internal/domain/identity/service.go:94.16,96.3 1 0
github.com/turtacn/QuantaID/internal/domain/identity/service.go:98.2,99.16 2 1
github.com/turtacn/QuantaID/internal/domain/identity/service.go:99.16,102.3 2 0
github.com/turtacn/QuantaID/internal/domain/identity/service.go:104.2,105.12 2 1
github.com/turtacn/QuantaID/internal/domain/identity/service.go:108.106,110.16 2 0
github.com/turtacn/QuantaID/internal/domain/identity/service.go:110.16,112.3 1 0
github.com/turtacn/QuantaID/internal/domain/identity/service.go:114.2,115.57 2 0
github.com/turtacn/QuantaID/internal/domain/identity/service.go:115.57,118.3 2 0
github.com/turtacn/QuantaID/internal/domain/identity/service.go:120.2,121.12 2 0
github.com/turtacn/QuantaID/internal/domain/policy/service.go:18.64,23.2 1 1
github.com/turtacn/QuantaID/internal/domain/policy/service.go:26.120,30.35 3 1
github.com/turtacn/QuantaID/internal/domain/policy/service.go:30.35,32.17 2 1
github.com/turtacn/QuantaID/internal/domain/policy/service.go:32.17,35.4 2 0
github.com/turtacn/QuantaID/internal/domain/policy/service.go:36.3,36.59 1 1
github.com/turtacn/QuantaID/internal/domain/policy/service.go:39.2,45.42 3 1
github.com/turtacn/QuantaID/internal/domain/policy/service.go:45.42,46.39 1 1
github.com/turtacn/QuantaID/internal/domain/policy/service.go:46.39,47.41 1 1
github.com/turtacn/QuantaID/internal/domain/policy/service.go:47.41,52.5 4 1
github.com/turtacn/QuantaID/internal/domain/policy/service.go:53.4,53.42 1 1
github.com/turtacn/QuantaID/internal/domain/policy/service.go:53.42,56.5 2 1
github.com/turtacn/QuantaID/internal/domain/policy/service.go:60.2,61.16 2 1
github.com/turtacn/QuantaID/internal/domain/policy/service.go:61.16,63.3 1 1
github.com/turtacn/QuantaID/internal/domain/policy/service.go:65.2,65.22 1 1
github.com/turtacn/QuantaID/internal/domain/policy/service.go:68.100,69.54 1 1
github.com/turtacn/QuantaID/internal/domain/policy/service.go:69.54,71.3 1 1
github.com/turtacn/QuantaID/internal/domain/policy/service.go:72.2,72.75 1 1
github.com/turtacn/QuantaID/internal/domain/policy/service.go:72.75,74.3 1 0
github.com/turtacn/QuantaID/internal/domain/policy/service.go:75.2,75.13 1 1
github.com/turtacn/QuantaID/internal/domain/policy/service.go:78.84,80.2 1 1
github.com/turtacn/QuantaID/internal/domain/policy/service.go:82.90,84.2 1 1
github.com/turtacn/QuantaID/internal/domain/policy/service.go:86.91,88.54 2 1
github.com/turtacn/QuantaID/internal/domain/policy/service.go:88.54,90.3 1 1
github.com/turtacn/QuantaID/internal/domain/policy/service.go:91.2,91.60 1 1
github.com/turtacn/QuantaID/internal/domain/policy/service.go:91.60,92.34 1 0
github.com/turtacn/QuantaID/internal/domain/policy/service.go:92.34,94.4 1 0
github.com/turtacn/QuantaID/internal/domain/policy/service.go:96.2,96.17 1 1
github.com/turtacn/QuantaID/internal/domain/policy/service.go:99.81,101.2 1 0
github.com/turtacn/QuantaID/internal/orchestrator/engine.go:35.45,40.2 1 0
github.com/turtacn/QuantaID/internal/orchestrator/engine.go:43.55,44.47 1 0
github.com/turtacn/QuantaID/internal/orchestrator/engine.go:44.47,46.3 1 0
github.com/turtacn/QuantaID/internal/orchestrator/engine.go:47.2,49.12 3 0
github.com/turtacn/QuantaID/internal/orchestrator/engine.go:53.103,55.13 2 0
github.com/turtacn/QuantaID/internal/orchestrator/engine.go:55.13,57.3 1 0
github.com/turtacn/QuantaID/internal/orchestrator/engine.go:59.2,62.32 3 0
github.com/turtacn/QuantaID/internal/orchestrator/engine.go:62.32,65.17 3 0
github.com/turtacn/QuantaID/internal/orchestrator/engine.go:65.17,68.4 2 0
github.com/turtacn/QuantaID/internal/orchestrator/engine.go:71.2,72.26 2 0
github.com/turtacn/QuantaID/internal/server/http/server.go:40.79,56.2 4 0
github.com/turtacn/QuantaID/internal/server/http/server.go:59.52,77.78 12 0
github.com/turtacn/QuantaID/internal/server/http/server.go:77.78,80.3 2 0
github.com/turtacn/QuantaID/internal/server/http/server.go:84.26,86.85 2 0
github.com/turtacn/QuantaID/internal/server/http/server.go:86.85,88.3 1 0
github.com/turtacn/QuantaID/internal/server/http/server.go:92.44,94.51 2 0
github.com/turtacn/QuantaID/internal/server/http/server.go:94.51,96.3 1 0
github.com/turtacn/QuantaID/internal/orchestrator/workflows/auth_flow.go:18.103,25.2 3 0
github.com/turtacn/QuantaID/internal/orchestrator/workflows/auth_flow.go:27.37,38.2 2 0
github.com/turtacn/QuantaID/internal/orchestrator/workflows/auth_flow.go:40.93,43.24 3 0
github.com/turtacn/QuantaID/internal/orchestrator/workflows/auth_flow.go:43.24,45.3 1 0
github.com/turtacn/QuantaID/internal/orchestrator/workflows/auth_flow.go:46.2,46.12 1 0
github.com/turtacn/QuantaID/internal/orchestrator/workflows/auth_flow.go:49.99,54.2 4 0
github.com/turtacn/QuantaID/internal/orchestrator/workflows/auth_flow.go:56.96,62.2 5 0
github.com/turtacn/QuantaID/internal/orchestrator/workflows/auth_flow.go:64.91,69.2 4 0
github.com/turtacn/QuantaID/internal/server/middleware/auth.go:26.138,32.2 1 0
github.com/turtacn/QuantaID/internal/server/middleware/auth.go:35.66,36.71 1 0
github.com/turtacn/QuantaID/internal/server/middleware/auth.go:36.71,38.23 2 0
github.com/turtacn/QuantaID/internal/server/middleware/auth.go:38.23,41.4 2 0
github.com/turtacn/QuantaID/internal/server/middleware/auth.go:43.3,44.63 2 0
github.com/turtacn/QuantaID/internal/server/middleware/auth.go:44.63,47.4 2 0
github.com/turtacn/QuantaID/internal/server/middleware/auth.go:49.3,51.17 3 0
github.com/turtacn/QuantaID/internal/server/middleware/auth.go:51.17,54.4 2 0
github.com/turtacn/QuantaID/internal/server/middleware/auth.go:56.3,57.10 2 0
github.com/turtacn/QuantaID/internal/server/middleware/auth.go:57.10,60.4 2 0
github.com/turtacn/QuantaID/internal/server/middleware/auth.go:62.3,64.40 2 0
github.com/turtacn/QuantaID/internal/server/middleware/auth.go:68.95,73.2 4 0
github.com/turtacn/QuantaID/internal/server/middleware/logging.go:16.63,18.2 1 0
github.com/turtacn/QuantaID/internal/server/middleware/logging.go:20.49,23.2 2 0
github.com/turtacn/QuantaID/internal/server/middleware/logging.go:31.67,35.2 1 0
github.com/turtacn/QuantaID/internal/server/middleware/logging.go:38.69,39.71 1 0
github.com/turtacn/QuantaID/internal/server/middleware/logging.go:39.71,58.3 6 0
github.com/turtacn/QuantaID/internal/server/http/handlers/auth.go:18.95,23.2 1 1
github.com/turtacn/QuantaID/internal/server/http/handlers/auth.go:26.70,28.61 2 1
github.com/turtacn/QuantaID/internal/server/http/handlers/auth.go:28.61,31.3 2 0
github.com/turtacn/QuantaID/internal/server/http/handlers/auth.go:33.2,34.19 2 1
github.com/turtacn/QuantaID/internal/server/http/handlers/auth.go:34.19,37.3 2 1
github.com/turtacn/QuantaID/internal/server/http/handlers/auth.go:39.2,39.40 1 1
github.com/turtacn/QuantaID/internal/server/http/handlers/auth.go:43.71,45.61 2 0
github.com/turtacn/QuantaID/internal/server/http/handlers/auth.go:45.61,48.3 2 0
github.com/turtacn/QuantaID/internal/server/http/handlers/auth.go:50.2,50.69 1 0
github.com/turtacn/QuantaID/internal/server/http/handlers/auth.go:50.69,53.3 2 0
github.com/turtacn/QuantaID/internal/server/http/handlers/auth.go:55.2,55.37 1 0
github.com/turtacn/QuantaID/internal/server/http/handlers/helpers.go:10.69,13.17 3 1
github.com/turtacn/QuantaID/internal/server/http/handlers/helpers.go:13.17,15.3 1 1
github.com/turtacn/QuantaID/internal/server/http/handlers/helpers.go:19.81,21.17 2 1
github.com/turtacn/QuantaID/internal/server/http/handlers/helpers.go:21.17,23.3 1 0
github.com/turtacn/QuantaID/internal/server/http/handlers/helpers.go:25.2,31.37 2 1
github.com/turtacn/QuantaID/internal/server/http/handlers/identity.go:19.111,24.2 1 1
github.com/turtacn/QuantaID/internal/server/http/handlers/identity.go:27.79,29.61 2 1
github.com/turtacn/QuantaID/internal/server/http/handlers/identity.go:29.61,32.3 2 0
github.com/turtacn/QuantaID/internal/server/http/handlers/identity.go:34.2,35.19 2 1
github.com/turtacn/QuantaID/internal/server/http/handlers/identity.go:35.19,38.3 2 0
github.com/turtacn/QuantaID/internal/server/http/handlers/identity.go:40.2,40.40 1 1
github.com/turtacn/QuantaID/internal/server/http/handlers/identity.go:44.76,47.9 3 1
github.com/turtacn/QuantaID/internal/server/http/handlers/identity.go:47.9,50.3 2 0
github.com/turtacn/QuantaID/internal/server/http/handlers/identity.go:52.2,53.19 2 1
github.com/turtacn/QuantaID/internal/server/http/handlers/identity.go:53.19,56.3 2 0
github.com/turtacn/QuantaID/internal/server/http/handlers/identity.go:58.2,58.35 1 1
github.com/turtacn/QuantaID/internal/services/audit/service.go:20.104,25.2 1 1
github.com/turtacn/QuantaID/internal/services/audit/service.go:28.142,39.12 2 1
github.com/turtacn/QuantaID/internal/services/audit/service.go:39.12,41.17 2 1
github.com/turtacn/QuantaID/internal/services/audit/service.go:41.17,43.4 1 0
github.com/turtacn/QuantaID/internal/services/audit/service.go:48.135,49.14 1 0
github.com/turtacn/QuantaID/internal/services/audit/service.go:49.14,51.3 1 0
github.com/turtacn/QuantaID/internal/services/audit/service.go:52.2,52.36 1 0
github.com/turtacn/QuantaID/internal/services/audit/service.go:52.36,54.3 1 0
github.com/turtacn/QuantaID/internal/services/audit/service.go:56.2,62.16 3 0
github.com/turtacn/QuantaID/internal/services/audit/service.go:62.16,63.43 1 0
github.com/turtacn/QuantaID/internal/services/audit/service.go:63.43,65.4 1 0
github.com/turtacn/QuantaID/internal/services/audit/service.go:66.3,66.47 1 0
github.com/turtacn/QuantaID/internal/services/audit/service.go:69.2,69.18 1 0
github.com/turtacn/QuantaID/internal/services/auth/service.go:26.110,32.2 1 1
github.com/turtacn/QuantaID/internal/services/auth/service.go:57.106,65.16 3 1
github.com/turtacn/QuantaID/internal/services/auth/service.go:65.16,66.43 1 1
github.com/turtacn/QuantaID/internal/services/auth/service.go:66.43,68.4 1 1
github.com/turtacn/QuantaID/internal/services/auth/service.go:69.3,69.47 1 0
github.com/turtacn/QuantaID/internal/services/auth/service.go:72.2,82.8 1 1
github.com/turtacn/QuantaID/internal/services/auth/service.go:92.90,94.16 2 0
github.com/turtacn/QuantaID/internal/services/auth/service.go:94.16,95.43 1 0
github.com/turtacn/QuantaID/internal/services/auth/service.go:95.43,97.4 1 0
github.com/turtacn/QuantaID/internal/services/auth/service.go:98.3,98.42 1 0
github.com/turtacn/QuantaID/internal/services/auth/service.go:100.2,100.12 1 0
github.com/turtacn/QuantaID/internal/services/authorization/service.go:20.133,26.2 1 1
github.com/turtacn/QuantaID/internal/services/authorization/service.go:37.116,39.16 2 1
github.com/turtacn/QuantaID/internal/services/authorization/service.go:39.16,40.43 1 0
github.com/turtacn/QuantaID/internal/services/authorization/service.go:40.43,42.4 1 0
github.com/turtacn/QuantaID/internal/services/authorization/service.go:43.3,43.49 1 0
github.com/turtacn/QuantaID/internal/services/authorization/service.go:46.2,47.16 2 1
github.com/turtacn/QuantaID/internal/services/authorization/service.go:47.16,49.3 1 0
github.com/turtacn/QuantaID/internal/services/authorization/service.go:51.2,52.31 2 1
github.com/turtacn/QuantaID/internal/services/authorization/service.go:52.31,54.3 1 1
github.com/turtacn/QuantaID/internal/services/authorization/service.go:56.2,69.22 3 1
github.com/turtacn/QuantaID/internal/services/authorization/service.go:69.22,70.49 1 0
github.com/turtacn/QuantaID/internal/services/authorization/service.go:70.49,72.4 1 0
github.com/turtacn/QuantaID/internal/services/authorization/service.go:73.3,73.55 1 0
github.com/turtacn/QuantaID/internal/services/authorization/service.go:76.2,76.23 1 1
github.com/turtacn/QuantaID/internal/services/authorization/service.go:76.23,79.3 2 1
github.com/turtacn/QuantaID/internal/services/authorization/service.go:81.2,82.18 2 1
github.com/turtacn/QuantaID/internal/storage/postgresql/auth.go:17.58,22.2 1 0
github.com/turtacn/QuantaID/internal/storage/postgresql/auth.go:26.110,29.51 3 0
github.com/turtacn/QuantaID/internal/storage/postgresql/auth.go:29.51,31.3 1 0
github.com/turtacn/QuantaID/internal/storage/postgresql/auth.go:32.2,33.12 2 0
github.com/turtacn/QuantaID/internal/storage/postgresql/auth.go:36.115,40.13 4 0
github.com/turtacn/QuantaID/internal/storage/postgresql/auth.go:40.13,42.3 1 0
github.com/turtacn/QuantaID/internal/storage/postgresql/auth.go:43.2,43.22 1 0
github.com/turtacn/QuantaID/internal/storage/postgresql/auth.go:46.119,49.32 3 0
github.com/turtacn/QuantaID/internal/storage/postgresql/auth.go:49.32,50.21 1 0
github.com/turtacn/QuantaID/internal/storage/postgresql/auth.go:50.21,52.4 1 0
github.com/turtacn/QuantaID/internal/storage/postgresql/auth.go:54.2,54.76 1 0
github.com/turtacn/QuantaID/internal/storage/postgresql/auth.go:57.104,61.32 4 0
github.com/turtacn/QuantaID/internal/storage/postgresql/auth.go:61.32,63.3 1 0
github.com/turtacn/QuantaID/internal/storage/postgresql/auth.go:64.2,64.23 1 0
github.com/turtacn/QuantaID/internal/storage/postgresql/auth.go:67.110,70.52 3 0
github.com/turtacn/QuantaID/internal/storage/postgresql/auth.go:70.52,72.3 1 0
github.com/turtacn/QuantaID/internal/storage/postgresql/auth.go:73.2,74.12 2 0
github.com/turtacn/QuantaID/internal/storage/postgresql/auth.go:77.87,80.43 3 0
github.com/turtacn/QuantaID/internal/storage/postgresql/auth.go:80.43,82.3 1 0
github.com/turtacn/QuantaID/internal/storage/postgresql/auth.go:83.2,84.12 2 0
github.com/turtacn/QuantaID/internal/storage/postgresql/auth.go:89.99,94.2 4 0
github.com/turtacn/QuantaID/internal/storage/postgresql/auth.go:96.138,100.34 4 0
github.com/turtacn/QuantaID/internal/storage/postgresql/auth.go:100.34,101.28 1 0
github.com/turtacn/QuantaID/internal/storage/postgresql/auth.go:101.28,103.4 1 0
github.com/turtacn/QuantaID/internal/storage/postgresql/auth.go:105.2,106.27 2 0
github.com/turtacn/QuantaID/internal/storage/postgresql/auth.go:106.27,106.62 1 0
github.com/turtacn/QuantaID/internal/storage/postgresql/auth.go:107.2,107.25 1 0
github.com/turtacn/QuantaID/internal/storage/postgresql/auth.go:107.25,107.48 1 0
github.com/turtacn/QuantaID/internal/storage/postgresql/auth.go:108.2,108.33 1 0
github.com/turtacn/QuantaID/internal/storage/postgresql/auth.go:111.139,115.34 4 0
github.com/turtacn/QuantaID/internal/storage/postgresql/auth.go:115.34,116.27 1 0
github.com/turtacn/QuantaID/internal/storage/postgresql/auth.go:116.27,118.4 1 0
github.com/turtacn/QuantaID/internal/storage/postgresql/auth.go:120.2,121.29 2 0
github.com/turtacn/QuantaID/internal/storage/postgresql/auth.go:121.29,121.64 1 0
github.com/turtacn/QuantaID/internal/storage/postgresql/auth.go:122.2,122.27 1 0
github.com/turtacn/QuantaID/internal/storage/postgresql/auth.go:122.27,122.52 1 0
github.com/turtacn/QuantaID/internal/storage/postgresql/auth.go:123.2,123.35 1 0
github.com/turtacn/QuantaID/internal/storage/postgresql/identity.go:21.66,27.2 1 0
github.com/turtacn/QuantaID/internal/storage/postgresql/identity.go:31.94,34.43 3 0
github.com/turtacn/QuantaID/internal/storage/postgresql/identity.go:34.43,36.3 1 0
github.com/turtacn/QuantaID/internal/storage/postgresql/identity.go:37.2,38.12 2 0
github.com/turtacn/QuantaID/internal/storage/postgresql/identity.go:41.103,45.13 4 0
github.com/turtacn/QuantaID/internal/storage/postgresql/identity.go:45.13,47.3 1 0
github.com/turtacn/QuantaID/internal/storage/postgresql/identity.go:48.2,48.18 1 0
github.com/turtacn/QuantaID/internal/storage/postgresql/identity.go:51.115,54.31 3 0
github.com/turtacn/QuantaID/internal/storage/postgresql/identity.go:54.31,55.32 1 0
github.com/turtacn/QuantaID/internal/storage/postgresql/identity.go:55.32,57.4 1 0
github.com/turtacn/QuantaID/internal/storage/postgresql/identity.go:59.2,59.84 1 0
github.com/turtacn/QuantaID/internal/storage/postgresql/identity.go:62.109,65.31 3 0
github.com/turtacn/QuantaID/internal/storage/postgresql/identity.go:65.31,66.26 1 0
github.com/turtacn/QuantaID/internal/storage/postgresql/identity.go:66.26,68.4 1 0
github.com/turtacn/QuantaID/internal/storage/postgresql/identity.go:70.2,70.78 1 0
github.com/turtacn/QuantaID/internal/storage/postgresql/identity.go:73.94,76.44 3 0
github.com/turtacn/QuantaID/internal/storage/postgresql/identity.go:76.44,78.3 1 0
github.com/turtacn/QuantaID/internal/storage/postgresql/identity.go:79.2,80.12 2 0
github.com/turtacn/QuantaID/internal/storage/postgresql/identity.go:83.87,86.39 3 0
github.com/turtacn/QuantaID/internal/storage/postgresql/identity.go:86.39,88.3 1 0
github.com/turtacn/QuantaID/internal/storage/postgresql/identity.go:89.2,90.12 2 0
github.com/turtacn/QuantaID/internal/storage/postgresql/identity.go:93.121,97.31 4 0
github.com/turtacn/QuantaID/internal/storage/postgresql/identity.go:97.31,99.3 1 0
github.com/turtacn/QuantaID/internal/storage/postgresql/identity.go:100.2,101.24 2 0
github.com/turtacn/QuantaID/internal/storage/postgresql/identity.go:101.24,101.55 1 0
github.com/turtacn/QuantaID/internal/storage/postgresql/identity.go:102.2,102.22 1 0
github.com/turtacn/QuantaID/internal/storage/postgresql/identity.go:102.22,102.42 1 0
github.com/turtacn/QuantaID/internal/storage/postgresql/identity.go:103.2,103.30 1 0
github.com/turtacn/QuantaID/internal/storage/postgresql/identity.go:106.140,110.31 4 0
github.com/turtacn/QuantaID/internal/storage/postgresql/identity.go:110.31,111.64 1 0
github.com/turtacn/QuantaID/internal/storage/postgresql/identity.go:111.64,113.4 1 0
github.com/turtacn/QuantaID/internal/storage/postgresql/identity.go:115.2,115.24 1 0
github.com/turtacn/QuantaID/internal/storage/postgresql/identity.go:120.101,123.45 3 0
github.com/turtacn/QuantaID/internal/storage/postgresql/identity.go:123.45,123.73 1 0
github.com/turtacn/QuantaID/internal/storage/postgresql/identity.go:124.2,125.12 2 0
github.com/turtacn/QuantaID/internal/storage/postgresql/identity.go:128.109,132.13 4 0
github.com/turtacn/QuantaID/internal/storage/postgresql/identity.go:132.13,132.46 1 0
github.com/turtacn/QuantaID/internal/storage/postgresql/identity.go:133.2,133.19 1 0
github.com/turtacn/QuantaID/internal/storage/postgresql/identity.go:136.113,139.33 3 0
github.com/turtacn/QuantaID/internal/storage/postgresql/identity.go:139.33,140.25 1 0
github.com/turtacn/QuantaID/internal/storage/postgresql/identity.go:140.25,142.4 1 0
github.com/turtacn/QuantaID/internal/storage/postgresql/identity.go:144.2,144.31 1 0
github.com/turtacn/QuantaID/internal/storage/postgresql/identity.go:147.101,150.46 3 0
github.com/turtacn/QuantaID/internal/storage/postgresql/identity.go:150.46,150.74 1 0
github.com/turtacn/QuantaID/internal/storage/postgresql/identity.go:151.2,152.12 2 0
github.com/turtacn/QuantaID/internal/storage/postgresql/identity.go:155.88,158.40 3 0
github.com/turtacn/QuantaID/internal/storage/postgresql/identity.go:158.40,158.68 1 0
github.com/turtacn/QuantaID/internal/storage/postgresql/identity.go:159.2,161.12 3 0
github.com/turtacn/QuantaID/internal/storage/postgresql/identity.go:164.127,168.33 4 0
github.com/turtacn/QuantaID/internal/storage/postgresql/identity.go:168.33,170.3 1 0
github.com/turtacn/QuantaID/internal/storage/postgresql/identity.go:171.2,172.25 2 0
github.com/turtacn/QuantaID/internal/storage/postgresql/identity.go:172.25,172.61 1 0
github.com/turtacn/QuantaID/internal/storage/postgresql/identity.go:173.2,173.23 1 0
github.com/turtacn/QuantaID/internal/storage/postgresql/identity.go:173.23,173.44 1 0
github.com/turtacn/QuantaID/internal/storage/postgresql/identity.go:174.2,174.31 1 0
github.com/turtacn/QuantaID/internal/storage/postgresql/identity.go:177.104,180.35 3 0
github.com/turtacn/QuantaID/internal/storage/postgresql/identity.go:180.35,180.74 1 0
github.com/turtacn/QuantaID/internal/storage/postgresql/identity.go:181.2,181.37 1 0
github.com/turtacn/QuantaID/internal/storage/postgresql/identity.go:181.37,181.77 1 0
github.com/turtacn/QuantaID/internal/storage/postgresql/identity.go:183.2,184.35 2 0
github.com/turtacn/QuantaID/internal/storage/postgresql/identity.go:184.35,185.25 1 0
github.com/turtacn/QuantaID/internal/storage/postgresql/identity.go:185.25,185.39 1 0
github.com/turtacn/QuantaID/internal/storage/postgresql/identity.go:187.2,188.12 2 0
github.com/turtacn/QuantaID/internal/storage/postgresql/identity.go:191.109,195.9 4 0
github.com/turtacn/QuantaID/internal/storage/postgresql/identity.go:195.9,195.23 1 0
github.com/turtacn/QuantaID/internal/storage/postgresql/identity.go:197.2,198.35 2 0
github.com/turtacn/QuantaID/internal/storage/postgresql/identity.go:198.35,199.25 1 0
github.com/turtacn/QuantaID/internal/storage/postgresql/identity.go:199.25,201.4 1 0
github.com/turtacn/QuantaID/internal/storage/postgresql/identity.go:203.2,204.12 2 0
github.com/turtacn/QuantaID/internal/storage/postgresql/identity.go:207.116,211.51 4 0
github.com/turtacn/QuantaID/internal/storage/postgresql/identity.go:211.51,212.36 1 0
github.com/turtacn/QuantaID/internal/storage/postgresql/identity.go:212.36,213.26 1 0
github.com/turtacn/QuantaID/internal/storage/postgresql/identity.go:213.26,214.43 1 0
github.com/turtacn/QuantaID/internal/storage/postgresql/identity.go:214.43,216.6 1 0
github.com/turtacn/QuantaID/internal/storage/postgresql/identity.go:220.2,220.24 1 0
github.com/turtacn/QuantaID/internal/storage/postgresql/policy.go:17.62,21.2 1 0
github.com/turtacn/QuantaID/internal/storage/postgresql/policy.go:23.98,26.48 3 0
github.com/turtacn/QuantaID/internal/storage/postgresql/policy.go:26.48,28.3 1 0
github.com/turtacn/QuantaID/internal/storage/postgresql/policy.go:29.2,30.12 2 0
github.com/turtacn/QuantaID/internal/storage/postgresql/policy.go:33.105,37.13 4 0
github.com/turtacn/QuantaID/internal/storage/postgresql/policy.go:37.13,39.3 1 0
github.com/turtacn/QuantaID/internal/storage/postgresql/policy.go:40.2,40.20 1 0
github.com/turtacn/QuantaID/internal/storage/postgresql/policy.go:43.98,46.49 3 0
github.com/turtacn/QuantaID/internal/storage/postgresql/policy.go:46.49,48.3 1 0
github.com/turtacn/QuantaID/internal/storage/postgresql/policy.go:49.2,50.12 2 0
github.com/turtacn/QuantaID/internal/storage/postgresql/policy.go:53.87,56.42 3 0
github.com/turtacn/QuantaID/internal/storage/postgresql/policy.go:56.42,58.3 1 0
github.com/turtacn/QuantaID/internal/storage/postgresql/policy.go:59.2,60.12 2 0
github.com/turtacn/QuantaID/internal/storage/postgresql/policy.go:63.121,67.31 4 0
github.com/turtacn/QuantaID/internal/storage/postgresql/policy.go:67.31,69.3 1 0
github.com/turtacn/QuantaID/internal/storage/postgresql/policy.go:70.2,71.27 2 0
github.com/turtacn/QuantaID/internal/storage/postgresql/policy.go:71.27,71.60 1 0
github.com/turtacn/QuantaID/internal/storage/postgresql/policy.go:72.2,72.25 1 0
github.com/turtacn/QuantaID/internal/storage/postgresql/policy.go:72.25,72.48 1 0
github.com/turtacn/QuantaID/internal/storage/postgresql/policy.go:73.2,73.33 1 0
github.com/turtacn/QuantaID/internal/storage/postgresql/policy.go:76.121,80.31 4 0
github.com/turtacn/QuantaID/internal/storage/postgresql/policy.go:80.31,81.79 1 0
github.com/turtacn/QuantaID/internal/storage/postgresql/policy.go:81.79,83.4 1 0
github.com/turtacn/QuantaID/internal/storage/postgresql/policy.go:85.2,85.27 1 0
github.com/turtacn/QuantaID/internal/storage/postgresql/policy.go:88.123,92.31 4 0
github.com/turtacn/QuantaID/internal/storage/postgresql/policy.go:92.31,93.82 1 0
github.com/turtacn/QuantaID/internal/storage/postgresql/policy.go:93.82,95.4 1 0
github.com/turtacn/QuantaID/internal/storage/postgresql/policy.go:97.2,97.27 1 0
github.com/turtacn/QuantaID/internal/storage/postgresql/policy.go:100.119,104.31 4 0
github.com/turtacn/QuantaID/internal/storage/postgresql/policy.go:104.31,105.76 1 0
github.com/turtacn/QuantaID/internal/storage/postgresql/policy.go:105.76,107.4 1 0
github.com/turtacn/QuantaID/internal/storage/postgresql/policy.go:109.2,109.27 1 0
github.com/turtacn/QuantaID/internal/services/identity/service.go:17.103,22.2 1 1
github.com/turtacn/QuantaID/internal/services/identity/service.go:32.113,34.16 2 1
github.com/turtacn/QuantaID/internal/services/identity/service.go:34.16,35.43 1 1
github.com/turtacn/QuantaID/internal/services/identity/service.go:35.43,37.4 1 1
github.com/turtacn/QuantaID/internal/services/identity/service.go:38.3,38.47 1 0
github.com/turtacn/QuantaID/internal/services/identity/service.go:41.2,42.18 2 1
github.com/turtacn/QuantaID/internal/services/identity/service.go:46.106,48.16 2 0
github.com/turtacn/QuantaID/internal/services/identity/service.go:48.16,49.43 1 0
github.com/turtacn/QuantaID/internal/services/identity/service.go:49.43,51.4 1 0
github.com/turtacn/QuantaID/internal/services/identity/service.go:52.3,52.47 1 0
github.com/turtacn/QuantaID/internal/services/identity/service.go:55.2,56.18 2 0
github.com/turtacn/QuantaID/internal/services/identity/service.go:66.106,68.16 2 0
github.com/turtacn/QuantaID/internal/services/identity/service.go:68.16,69.43 1 0
github.com/turtacn/QuantaID/internal/services/identity/service.go:69.43,71.4 1 0
github.com/turtacn/QuantaID/internal/services/identity/service.go:72.3,72.42 1 0
github.com/turtacn/QuantaID/internal/services/identity/service.go:74.2,74.12 1 0
github.com/turtacn/QuantaID/internal/storage/redis/cache.go:27.60,32.2 1 0
github.com/turtacn/QuantaID/internal/storage/redis/cache.go:34.133,42.2 4 0
github.com/turtacn/QuantaID/internal/storage/redis/cache.go:44.108,48.13 4 0
github.com/turtacn/QuantaID/internal/storage/redis/cache.go:48.13,50.3 1 0
github.com/turtacn/QuantaID/internal/storage/redis/cache.go:51.2,51.37 1 0
github.com/turtacn/QuantaID/internal/storage/redis/cache.go:51.37,53.3 1 0
github.com/turtacn/QuantaID/internal/storage/redis/cache.go:54.2,54.24 1 0
github.com/turtacn/QuantaID/internal/storage/redis/cache.go:57.95,62.2 4 0
github.com/turtacn/QuantaID/internal/storage/redis/cache.go:64.112,71.2 4 0
github.com/turtacn/QuantaID/internal/storage/redis/cache.go:73.95,77.13 4 0
github.com/turtacn/QuantaID/internal/storage/redis/cache.go:77.13,79.3 1 0
github.com/turtacn/QuantaID/internal/storage/redis/cache.go:80.2,80.39 1 0
github.com/turtacn/QuantaID/internal/storage/redis/cache.go:80.39,82.3 1 0
github.com/turtacn/QuantaID/internal/storage/redis/cache.go:83.2,83.18 1 0
github.com/turtacn/QuantaID/internal/storage/redis/session.go:22.64,26.2 1 0
github.com/turtacn/QuantaID/internal/storage/redis/session.go:28.130,37.2 4 0
github.com/turtacn/QuantaID/internal/storage/redis/session.go:39.115,44.13 4 0
github.com/turtacn/QuantaID/internal/storage/redis/session.go:44.13,46.3 1 0
github.com/turtacn/QuantaID/internal/storage/redis/session.go:48.2,48.37 1 0
github.com/turtacn/QuantaID/internal/storage/redis/session.go:48.37,53.3 4 0
github.com/turtacn/QuantaID/internal/storage/redis/session.go:55.2,55.25 1 0
github.com/turtacn/QuantaID/internal/storage/redis/session.go:58.96,63.2 4 0
github.com/turtacn/QuantaID/internal/storage/redis/session.go:65.119,70.33 4 0
github.com/turtacn/QuantaID/internal/storage/redis/session.go:70.33,71.35 1 0
github.com/turtacn/QuantaID/internal/storage/redis/session.go:71.35,72.40 1 0
github.com/turtacn/QuantaID/internal/storage/redis/session.go:72.40,74.5 1 0
github.com/turtacn/QuantaID/internal/storage/redis/session.go:77.2,77.26 1 0
github.com/turtacn/QuantaID/pkg/auth/engine.go:19.77,24.2 1 0
github.com/turtacn/QuantaID/pkg/auth/engine.go:27.109,33.16 4 0
github.com/turtacn/QuantaID/pkg/auth/engine.go:33.16,36.3 2 0
github.com/turtacn/QuantaID/pkg/auth/engine.go:38.2,39.9 2 0
github.com/turtacn/QuantaID/pkg/auth/engine.go:39.9,43.3 3 0
github.com/turtacn/QuantaID/pkg/auth/engine.go:45.2,46.16 2 0
github.com/turtacn/QuantaID/pkg/auth/engine.go:46.16,48.43 2 0
github.com/turtacn/QuantaID/pkg/auth/engine.go:48.43,50.4 1 0
github.com/turtacn/QuantaID/pkg/auth/engine.go:51.3,51.47 1 0
github.com/turtacn/QuantaID/pkg/auth/engine.go:54.2,55.26 2 0
github.com/turtacn/QuantaID/pkg/auth/engine.go:58.79,59.18 1 0
github.com/turtacn/QuantaID/pkg/auth/engine.go:60.27,61.26 1 0
github.com/turtacn/QuantaID/pkg/auth/engine.go:62.26,63.24 1 0
github.com/turtacn/QuantaID/pkg/auth/engine.go:64.26,65.24 1 0
github.com/turtacn/QuantaID/pkg/auth/engine.go:66.10,67.38 1 0
github.com/turtacn/QuantaID/pkg/auth/mfa/manager.go:20.79,26.2 1 0
github.com/turtacn/QuantaID/pkg/auth/mfa/manager.go:29.104,34.16 4 0
github.com/turtacn/QuantaID/pkg/auth/mfa/manager.go:34.16,37.3 2 0
github.com/turtacn/QuantaID/pkg/auth/mfa/manager.go:39.2,40.9 2 0
github.com/turtacn/QuantaID/pkg/auth/mfa/manager.go:40.9,44.3 3 0
github.com/turtacn/QuantaID/pkg/auth/mfa/manager.go:46.2,47.16 2 0
github.com/turtacn/QuantaID/pkg/auth/mfa/manager.go:47.16,50.3 2 0
github.com/turtacn/QuantaID/pkg/auth/mfa/manager.go:52.2,55.23 3 0
github.com/turtacn/QuantaID/pkg/auth/mfa/manager.go:59.96,61.13 2 0
github.com/turtacn/QuantaID/pkg/auth/mfa/manager.go:61.13,63.3 1 0
github.com/turtacn/QuantaID/pkg/auth/mfa/manager.go:65.2,67.16 3 0
github.com/turtacn/QuantaID/pkg/auth/mfa/manager.go:67.16,69.3 1 0
github.com/turtacn/QuantaID/pkg/auth/mfa/manager.go:70.2,71.9 2 0
github.com/turtacn/QuantaID/pkg/auth/mfa/manager.go:71.9,73.3 1 0
github.com/turtacn/QuantaID/pkg/auth/mfa/manager.go:75.2,76.16 2 0
github.com/turtacn/QuantaID/pkg/auth/mfa/manager.go:76.16,78.3 1 0
github.com/turtacn/QuantaID/pkg/auth/mfa/manager.go:80.2,82.14 2 0
github.com/turtacn/QuantaID/pkg/auth/mfa/manager.go:82.14,85.3 2 0
github.com/turtacn/QuantaID/pkg/auth/mfa/manager.go:87.2,88.18 2 0
github.com/turtacn/QuantaID/pkg/auth/mfa/manager.go:91.74,93.2 1 0
github.com/turtacn/QuantaID/pkg/auth/mfa/manager.go:95.74,96.16 1 0
github.com/turtacn/QuantaID/pkg/auth/mfa/manager.go:97.28,98.25 1 0
github.com/turtacn/QuantaID/pkg/auth/mfa/manager.go:99.27,100.24 1 0
github.com/turtacn/QuantaID/pkg/auth/mfa/manager.go:101.10,102.12 1 0
github.com/turtacn/QuantaID/pkg/auth/protocols/oauth.go:18.40,25.2 1 0
github.com/turtacn/QuantaID/pkg/auth/protocols/oauth.go:28.113,32.2 3 0
github.com/turtacn/QuantaID/pkg/auth/protocols/oauth.go:35.120,37.9 2 0
github.com/turtacn/QuantaID/pkg/auth/protocols/oauth.go:37.9,39.3 1 0
github.com/turtacn/QuantaID/pkg/auth/protocols/oauth.go:41.2,43.19 2 0
github.com/turtacn/QuantaID/pkg/auth/protocols/oauth.go:44.28,45.49 1 0
github.com/turtacn/QuantaID/pkg/auth/protocols/oauth.go:46.23,47.44 1 0
github.com/turtacn/QuantaID/pkg/auth/protocols/oauth.go:48.28,49.49 1 0
github.com/turtacn/QuantaID/pkg/auth/protocols/oauth.go:50.10,51.100 1 0
github.com/turtacn/QuantaID/pkg/auth/protocols/oauth.go:55.126,58.2 2 0
github.com/turtacn/QuantaID/pkg/auth/protocols/oauth.go:60.121,63.2 2 0
github.com/turtacn/QuantaID/pkg/auth/protocols/oauth.go:65.126,68.2 2 0
github.com/turtacn/QuantaID/pkg/auth/protocols/oidc.go:20.39,28.2 1 0
github.com/turtacn/QuantaID/pkg/auth/protocols/oidc.go:31.112,35.2 3 0
github.com/turtacn/QuantaID/pkg/auth/protocols/oidc.go:38.119,40.16 2 0
github.com/turtacn/QuantaID/pkg/auth/protocols/oidc.go:40.16,42.3 1 0
github.com/turtacn/QuantaID/pkg/auth/protocols/oidc.go:44.2,44.26 1 0
github.com/turtacn/QuantaID/pkg/auth/protocols/oidc.go:44.26,46.49 2 0
github.com/turtacn/QuantaID/pkg/auth/protocols/oidc.go:46.49,48.4 1 0
github.com/turtacn/QuantaID/pkg/auth/protocols/oidc.go:50.3,51.19 2 0
github.com/turtacn/QuantaID/pkg/auth/protocols/oidc.go:51.19,53.4 1 0
github.com/turtacn/QuantaID/pkg/auth/protocols/oidc.go:54.3,54.39 1 0
github.com/turtacn/QuantaID/pkg/auth/protocols/oidc.go:57.2,57.26 1 0
github.com/turtacn/QuantaID/pkg/auth/protocols/oidc.go:60.109,63.2 2 0
github.com/turtacn/QuantaID/pkg/auth/protocols/oidc.go:65.108,68.2 2 0
github.com/turtacn/QuantaID/pkg/auth/protocols/saml.go:17.39,24.2 1 0
github.com/turtacn/QuantaID/pkg/auth/protocols/saml.go:27.112,31.2 3 0
github.com/turtacn/QuantaID/pkg/auth/protocols/saml.go:34.119,36.9 2 0
github.com/turtacn/QuantaID/pkg/auth/protocols/saml.go:36.9,38.3 1 0
github.com/turtacn/QuantaID/pkg/auth/protocols/saml.go:40.2,41.49 2 0
github.com/turtacn/QuantaID/pkg/auth/protocols/saml.go:44.114,47.2 2 0
github.com/turtacn/QuantaID/pkg/auth/protocols/saml.go:49.67,51.2 1 0
github.com/turtacn/QuantaID/pkg/types/errors.go:21.32,23.2 1 0
github.com/turtacn/QuantaID/pkg/types/errors.go:26.32,28.2 1 0
github.com/turtacn/QuantaID/pkg/types/errors.go:31.47,34.2 2 0
github.com/turtacn/QuantaID/pkg/types/errors.go:37.63,40.2 2 0
github.com/turtacn/QuantaID/pkg/types/errors.go:43.47,45.2 1 0
github.com/turtacn/QuantaID/pkg/types/errors.go:48.83,55.2 1 0
github.com/turtacn/QuantaID/pkg/client/auth.go:9.101,16.16 3 0
github.com/turtacn/QuantaID/pkg/client/auth.go:16.16,18.3 1 0
github.com/turtacn/QuantaID/pkg/client/auth.go:20.2,21.46 2 0
github.com/turtacn/QuantaID/pkg/client/auth.go:21.46,23.3 1 0
github.com/turtacn/QuantaID/pkg/client/auth.go:25.2,25.33 1 0
github.com/turtacn/QuantaID/pkg/client/auth.go:25.33,27.3 1 0
github.com/turtacn/QuantaID/pkg/client/auth.go:29.2,29.24 1 0
github.com/turtacn/QuantaID/pkg/client/auth.go:33.27,35.2 1 0
github.com/turtacn/QuantaID/pkg/client/client.go:22.63,29.2 1 0
github.com/turtacn/QuantaID/pkg/client/client.go:32.45,34.2 1 0
github.com/turtacn/QuantaID/pkg/client/client.go:36.112,40.17 3 0
github.com/turtacn/QuantaID/pkg/client/client.go:40.17,42.17 2 0
github.com/turtacn/QuantaID/pkg/client/client.go:42.17,44.4 1 0
github.com/turtacn/QuantaID/pkg/client/client.go:45.3,45.41 1 0
github.com/turtacn/QuantaID/pkg/client/client.go:48.2,49.16 2 0
github.com/turtacn/QuantaID/pkg/client/client.go:49.16,51.3 1 0
github.com/turtacn/QuantaID/pkg/client/client.go:53.2,55.19 3 0
github.com/turtacn/QuantaID/pkg/client/client.go:55.19,57.3 1 0
github.com/turtacn/QuantaID/pkg/client/client.go:59.2,59.17 1 0
github.com/turtacn/QuantaID/pkg/client/client.go:62.61,64.16 2 0
github.com/turtacn/QuantaID/pkg/client/client.go:64.16,66.3 1 0
github.com/turtacn/QuantaID/pkg/client/client.go:67.2,69.53 2 0
github.com/turtacn/QuantaID/pkg/client/client.go:69.53,73.95 2 0
github.com/turtacn/QuantaID/pkg/client/client.go:73.95,75.4 1 0
github.com/turtacn/QuantaID/pkg/client/client.go:76.3,76.74 1 0
github.com/turtacn/QuantaID/pkg/client/client.go:79.2,79.14 1 0
github.com/turtacn/QuantaID/pkg/client/client.go:79.14,80.62 1 0
github.com/turtacn/QuantaID/pkg/client/client.go:80.62,82.4 1 0
github.com/turtacn/QuantaID/pkg/client/client.go:85.2,85.12 1 0
github.com/turtacn/QuantaID/pkg/client/identity.go:11.105,19.16 3 0
github.com/turtacn/QuantaID/pkg/client/identity.go:19.16,21.3 1 0
github.com/turtacn/QuantaID/pkg/client/identity.go:23.2,24.45 2 0
github.com/turtacn/QuantaID/pkg/client/identity.go:24.45,26.3 1 0
github.com/turtacn/QuantaID/pkg/client/identity.go:28.2,28.23 1 0
github.com/turtacn/QuantaID/pkg/client/identity.go:32.87,33.18 1 0
github.com/turtacn/QuantaID/pkg/client/identity.go:33.18,35.3 1 0
github.com/turtacn/QuantaID/pkg/client/identity.go:37.2,39.16 3 0
github.com/turtacn/QuantaID/pkg/client/identity.go:39.16,41.3 1 0
github.com/turtacn/QuantaID/pkg/client/identity.go:43.2,44.45 2 0
github.com/turtacn/QuantaID/pkg/client/identity.go:44.45,46.3 1 0
github.com/turtacn/QuantaID/pkg/client/identity.go:48.2,48.23 1 0
github.com/turtacn/QuantaID/pkg/plugins/base.go:16.36,18.2 1 0
github.com/turtacn/QuantaID/pkg/plugins/base.go:20.46,22.2 1 0
github.com/turtacn/QuantaID/pkg/plugins/base.go:24.111,27.2 2 0
github.com/turtacn/QuantaID/pkg/plugins/base.go:29.55,31.2 1 0
github.com/turtacn/QuantaID/pkg/plugins/base.go:33.54,35.2 1 0
github.com/turtacn/QuantaID/pkg/plugins/base.go:37.61,39.2 1 0
github.com/turtacn/QuantaID/pkg/plugins/manager.go:21.96,28.2 1 0
github.com/turtacn/QuantaID/pkg/plugins/manager.go:31.66,39.38 4 0
github.com/turtacn/QuantaID/pkg/plugins/manager.go:39.38,40.21 1 0
github.com/turtacn/QuantaID/pkg/plugins/manager.go:40.21,42.12 2 0
github.com/turtacn/QuantaID/pkg/plugins/manager.go:45.3,47.17 3 0
github.com/turtacn/QuantaID/pkg/plugins/manager.go:47.17,50.4 2 0
github.com/turtacn/QuantaID/pkg/plugins/manager.go:52.3,60.75 3 0
github.com/turtacn/QuantaID/pkg/plugins/manager.go:60.75,63.4 2 0
github.com/turtacn/QuantaID/pkg/plugins/manager.go:65.3,65.43 1 0
github.com/turtacn/QuantaID/pkg/plugins/manager.go:65.43,68.4 2 0
github.com/turtacn/QuantaID/pkg/plugins/manager.go:70.3,71.89 2 0
github.com/turtacn/QuantaID/pkg/plugins/manager.go:74.2,74.12 1 0
github.com/turtacn/QuantaID/pkg/plugins/manager.go:78.55,82.44 3 0
github.com/turtacn/QuantaID/pkg/plugins/manager.go:82.44,84.42 2 0
github.com/turtacn/QuantaID/pkg/plugins/manager.go:84.42,86.4 1 0
github.com/turtacn/QuantaID/pkg/plugins/manager.go:91.59,96.13 4 0
github.com/turtacn/QuantaID/pkg/plugins/manager.go:96.13,98.3 1 0
github.com/turtacn/QuantaID/pkg/plugins/manager.go:100.2,100.20 1 0
github.com/turtacn/QuantaID/pkg/plugins/registry.go:23.49,28.2 1 0
github.com/turtacn/QuantaID/pkg/plugins/registry.go:31.77,35.50 3 0
github.com/turtacn/QuantaID/pkg/plugins/registry.go:35.50,37.3 1 0
github.com/turtacn/QuantaID/pkg/plugins/registry.go:39.2,41.12 3 0
github.com/turtacn/QuantaID/pkg/plugins/registry.go:45.73,50.13 4 0
github.com/turtacn/QuantaID/pkg/plugins/registry.go:50.13,52.3 1 0
github.com/turtacn/QuantaID/pkg/plugins/registry.go:53.2,53.21 1 0
github.com/turtacn/QuantaID/pkg/plugins/registry.go:57.43,62.38 4 0
github.com/turtacn/QuantaID/pkg/plugins/registry.go:62.38,64.3 1 0
github.com/turtacn/QuantaID/pkg/plugins/registry.go:65.2,65.14 1 0
github.com/turtacn/QuantaID/pkg/plugins/registry.go:69.76,74.47 4 0
github.com/turtacn/QuantaID/pkg/plugins/registry.go:74.47,76.29 2 0
github.com/turtacn/QuantaID/pkg/plugins/registry.go:76.29,78.4 1 0
github.com/turtacn/QuantaID/pkg/plugins/registry.go:80.2,80.14 1 0
github.com/turtacn/QuantaID/pkg/utils/config.go:18.105,29.41 8 0
github.com/turtacn/QuantaID/pkg/utils/config.go:29.41,30.55 1 0
github.com/turtacn/QuantaID/pkg/utils/config.go:30.55,32.4 1 0
github.com/turtacn/QuantaID/pkg/utils/config.go:32.9,34.4 1 0
github.com/turtacn/QuantaID/pkg/utils/config.go:37.2,40.16 3 0
github.com/turtacn/QuantaID/pkg/utils/config.go:43.54,43.78 1 0
github.com/turtacn/QuantaID/pkg/utils/config.go:44.55,44.85 1 1
github.com/turtacn/QuantaID/pkg/utils/config.go:45.49,45.76 1 0
github.com/turtacn/QuantaID/pkg/utils/config.go:46.51,46.79 1 0
github.com/turtacn/QuantaID/pkg/utils/config.go:47.62,47.95 1 1
github.com/turtacn/QuantaID/pkg/utils/config.go:49.53,50.45 1 0
github.com/turtacn/QuantaID/pkg/utils/config.go:50.45,52.3 1 0
github.com/turtacn/QuantaID/pkg/utils/config.go:53.2,53.20 1 0
github.com/turtacn/QuantaID/pkg/utils/config.go:56.34,72.2 15 1
github.com/turtacn/QuantaID/pkg/utils/config.go:74.88,78.66 4 1
github.com/turtacn/QuantaID/pkg/utils/config.go:78.66,80.3 1 0
github.com/turtacn/QuantaID/pkg/utils/config.go:81.2,81.34 1 1
github.com/turtacn/QuantaID/pkg/utils/crypto.go:17.56,19.2 1 1
github.com/turtacn/QuantaID/pkg/utils/crypto.go:22.72,24.16 2 1
github.com/turtacn/QuantaID/pkg/utils/crypto.go:24.16,26.3 1 0
github.com/turtacn/QuantaID/pkg/utils/crypto.go:27.2,27.27 1 1
github.com/turtacn/QuantaID/pkg/utils/crypto.go:31.72,34.2 2 1
github.com/turtacn/QuantaID/pkg/utils/crypto.go:37.115,38.19 1 1
github.com/turtacn/QuantaID/pkg/utils/crypto.go:38.19,40.3 1 1
github.com/turtacn/QuantaID/pkg/utils/crypto.go:42.2,50.16 8 1
github.com/turtacn/QuantaID/pkg/utils/crypto.go:50.16,52.3 1 0
github.com/turtacn/QuantaID/pkg/utils/crypto.go:53.2,53.25 1 1
github.com/turtacn/QuantaID/pkg/utils/crypto.go:57.81,58.83 1 1
github.com/turtacn/QuantaID/pkg/utils/crypto.go:58.83,59.58 1 1
github.com/turtacn/QuantaID/pkg/utils/crypto.go:59.58,61.4 1 0
github.com/turtacn/QuantaID/pkg/utils/crypto.go:62.3,62.27 1 1
github.com/turtacn/QuantaID/pkg/utils/crypto.go:65.2,65.16 1 1
github.com/turtacn/QuantaID/pkg/utils/crypto.go:65.16,67.3 1 1
github.com/turtacn/QuantaID/pkg/utils/crypto.go:69.2,69.67 1 1
github.com/turtacn/QuantaID/pkg/utils/crypto.go:69.67,71.3 1 1
github.com/turtacn/QuantaID/pkg/utils/crypto.go:73.2,73.41 1 0
github.com/turtacn/QuantaID/pkg/utils/crypto.go:77.48,79.2 1 0
github.com/turtacn/QuantaID/pkg/utils/logger.go:27.57,32.25 4 0
github.com/turtacn/QuantaID/pkg/utils/logger.go:32.25,41.3 2 0
github.com/turtacn/QuantaID/pkg/utils/logger.go:42.2,42.28 1 0
github.com/turtacn/QuantaID/pkg/utils/logger.go:42.28,45.3 2 0
github.com/turtacn/QuantaID/pkg/utils/logger.go:46.2,49.16 3 0
github.com/turtacn/QuantaID/pkg/utils/logger.go:49.16,51.3 1 0
github.com/turtacn/QuantaID/pkg/utils/logger.go:53.2,56.40 3 0
github.com/turtacn/QuantaID/pkg/utils/logger.go:59.48,65.22 5 1
github.com/turtacn/QuantaID/pkg/utils/logger.go:65.22,67.3 1 1
github.com/turtacn/QuantaID/pkg/utils/logger.go:68.2,68.49 1 0
github.com/turtacn/QuantaID/pkg/utils/logger.go:71.70,73.34 2 1
github.com/turtacn/QuantaID/pkg/utils/logger.go:73.34,75.3 1 1
github.com/turtacn/QuantaID/pkg/utils/logger.go:76.2,76.15 1 1
github.com/turtacn/QuantaID/pkg/utils/logger.go:79.81,81.2 1 0
github.com/turtacn/QuantaID/pkg/utils/logger.go:83.80,85.2 1 1
github.com/turtacn/QuantaID/pkg/utils/logger.go:87.80,89.2 1 0
github.com/turtacn/QuantaID/pkg/utils/logger.go:91.81,93.2 1 0
github.com/turtacn/QuantaID/pkg/utils/logger.go:95.54,97.2 1 0
